<?xml version="1.0" encoding="UTF-8" ?>
<testsuite tests="12" failures="0" name="org.foobarspam.MockitoEjemplo.CarreraTest" time="0.188" errors="0" skipped="0">
  <properties>
    <property name="java.runtime.name" value="Java(TM) SE Runtime Environment"/>
    <property name="sun.boot.library.path" value="F:\Program Files\Java\jdk1.8.0_121\jre\bin"/>
    <property name="java.vm.version" value="25.121-b13"/>
    <property name="java.vm.vendor" value="Oracle Corporation"/>
    <property name="java.vendor.url" value="http://java.oracle.com/"/>
    <property name="path.separator" value=";"/>
    <property name="guice.disable.misplaced.annotation.check" value="true"/>
    <property name="java.vm.name" value="Java HotSpot(TM) 64-Bit Server VM"/>
    <property name="file.encoding.pkg" value="sun.io"/>
    <property name="user.script" value=""/>
    <property name="user.country" value="ES"/>
    <property name="sun.java.launcher" value="SUN_STANDARD"/>
    <property name="sun.os.patch.level" value=""/>
    <property name="test" value="org.foobarspam.MockitoEjemplo.CarreraTest"/>
    <property name="java.vm.specification.name" value="Java Virtual Machine Specification"/>
    <property name="user.dir" value="F:\Drive\JAVA\MockitoEjemplo"/>
    <property name="java.runtime.version" value="1.8.0_121-b13"/>
    <property name="java.awt.graphicsenv" value="sun.awt.Win32GraphicsEnvironment"/>
    <property name="java.endorsed.dirs" value="F:\Program Files\Java\jdk1.8.0_121\jre\lib\endorsed"/>
    <property name="os.arch" value="amd64"/>
    <property name="java.io.tmpdir" value="C:\Users\Sergi\AppData\Local\Temp\"/>
    <property name="line.separator" value="
"/>
    <property name="java.vm.specification.vendor" value="Oracle Corporation"/>
    <property name="user.variant" value=""/>
    <property name="os.name" value="Windows 10"/>
    <property name="maven.ext.class.path" value="F:\Program Files\NetBeans 8.2\java\maven-nblib\netbeans-eventspy.jar"/>
    <property name="classworlds.conf" value="F:\Program Files\NetBeans 8.2\java\maven\bin\m2.conf"/>
    <property name="sun.jnu.encoding" value="Cp1252"/>
    <property name="java.library.path" value="F:\Program Files\Java\jdk1.8.0_121\bin;C:\Windows\Sun\Java\bin;C:\Windows\system32;C:\Windows;C:\ProgramData\Oracle\Java\javapath;C:\Program Files (x86)\Intel\iCLS Client\;C:\Program Files\Intel\iCLS Client\;C:\Windows\system32;C:\Windows;C:\Windows\System32\Wbem;C:\Windows\System32\WindowsPowerShell\v1.0\;C:\Program Files (x86)\Intel\Intel(R) Management Engine Components\DAL;C:\Program Files\Intel\Intel(R) Management Engine Components\DAL;C:\Program Files (x86)\Intel\Intel(R) Management Engine Components\IPT;C:\Program Files\Intel\Intel(R) Management Engine Components\IPT;C:\Program Files (x86)\NVIDIA Corporation\PhysX\Common;F:\Program Files (x86)\Skype\Phone\;F:\Program Files\Git\cmd;F:\Program Files\RedHat\java-1.8.0-openjdk-1.8.0.121-1\bin;C:\Users\Sergi\AppData\Local\Microsoft\WindowsApps;;F:\Program Files (x86)\Microsoft VS Code\bin;."/>
    <property name="java.specification.name" value="Java Platform API Specification"/>
    <property name="java.class.version" value="52.0"/>
    <property name="sun.management.compiler" value="HotSpot 64-Bit Tiered Compilers"/>
    <property name="os.version" value="10.0"/>
    <property name="user.home" value="C:\Users\Sergi"/>
    <property name="user.timezone" value="Europe/Paris"/>
    <property name="java.awt.printerjob" value="sun.awt.windows.WPrinterJob"/>
    <property name="java.specification.version" value="1.8"/>
    <property name="file.encoding" value="UTF-8"/>
    <property name="user.name" value="Sergi"/>
    <property name="java.class.path" value="F:\Program Files\NetBeans 8.2\java\maven\boot\plexus-classworlds-2.4.jar"/>
    <property name="java.vm.specification.version" value="1.8"/>
    <property name="sun.arch.data.model" value="64"/>
    <property name="java.home" value="F:\Program Files\Java\jdk1.8.0_121\jre"/>
    <property name="sun.java.command" value="org.codehaus.plexus.classworlds.launcher.Launcher -Dtest=org.foobarspam.MockitoEjemplo.CarreraTest -Dmaven.ext.class.path=F:\Program Files\NetBeans 8.2\java\maven-nblib\netbeans-eventspy.jar -Dfile.encoding=UTF-8 surefire:test"/>
    <property name="java.specification.vendor" value="Oracle Corporation"/>
    <property name="user.language" value="es"/>
    <property name="awt.toolkit" value="sun.awt.windows.WToolkit"/>
    <property name="java.vm.info" value="mixed mode"/>
    <property name="java.version" value="1.8.0_121"/>
    <property name="java.ext.dirs" value="F:\Program Files\Java\jdk1.8.0_121\jre\lib\ext;C:\Windows\Sun\Java\lib\ext"/>
    <property name="sun.boot.class.path" value="F:\Program Files\Java\jdk1.8.0_121\jre\lib\resources.jar;F:\Program Files\Java\jdk1.8.0_121\jre\lib\rt.jar;F:\Program Files\Java\jdk1.8.0_121\jre\lib\sunrsasign.jar;F:\Program Files\Java\jdk1.8.0_121\jre\lib\jsse.jar;F:\Program Files\Java\jdk1.8.0_121\jre\lib\jce.jar;F:\Program Files\Java\jdk1.8.0_121\jre\lib\charsets.jar;F:\Program Files\Java\jdk1.8.0_121\jre\lib\jfr.jar;F:\Program Files\Java\jdk1.8.0_121\jre\classes"/>
    <property name="java.vendor" value="Oracle Corporation"/>
    <property name="maven.home" value="F:\Program Files\NetBeans 8.2\java\maven"/>
    <property name="file.separator" value="\"/>
    <property name="java.vendor.url.bug" value="http://bugreport.sun.com/bugreport/"/>
    <property name="sun.cpu.endian" value="little"/>
    <property name="sun.io.unicode.encoding" value="UnicodeLittle"/>
    <property name="sun.desktop" value="windows"/>
    <property name="sun.cpu.isalist" value="amd64"/>
  </properties>
  <testcase classname="org.foobarspam.MockitoEjemplo.CarreraTest" name="setTiempoEsperadoTest" time="0.016"/>
  <testcase classname="org.foobarspam.MockitoEjemplo.CarreraTest" name="setOrigenTest" time="0"/>
  <testcase classname="org.foobarspam.MockitoEjemplo.CarreraTest" name="setConductorTest" time="0"/>
  <testcase classname="org.foobarspam.MockitoEjemplo.CarreraTest" name="realizarPagoTest" time="0"/>
  <testcase classname="org.foobarspam.MockitoEjemplo.CarreraTest" name="setTiempoCarreraTest" time="0"/>
  <testcase classname="org.foobarspam.MockitoEjemplo.CarreraTest" name="mockito_setConductorTest" time="0.125"/>
  <testcase classname="org.foobarspam.MockitoEjemplo.CarreraTest" name="setDestinoTest" time="0"/>
  <testcase classname="org.foobarspam.MockitoEjemplo.CarreraTest" name="setDistanciaTest" time="0"/>
  <testcase classname="org.foobarspam.MockitoEjemplo.CarreraTest" name="asignarConductor" time="0"/>
  <testcase classname="org.foobarspam.MockitoEjemplo.CarreraTest" name="setValoracion" time="0"/>
  <testcase classname="org.foobarspam.MockitoEjemplo.CarreraTest" name="getCosteEsperadoTest" time="0"/>
  <testcase classname="org.foobarspam.MockitoEjemplo.CarreraTest" name="liberarConductor" time="0"/>
</testsuite>